0 info it worked if it ends with ok
1 verbose cli [ 'C:\\Program Files (x86)\\nodejs\\\\node.exe',
1 verbose cli   'C:\\Program Files (x86)\\nodejs\\node_modules\\npm\\bin\\npm-cli.js',
1 verbose cli   'install',
1 verbose cli   'mongodb' ]
2 info using npm@1.4.3
3 info using node@v0.10.26
4 verbose node symlink C:\Program Files (x86)\nodejs\\node.exe
5 verbose readDependencies using package.json deps
6 verbose cache add [ 'mongodb', null ]
7 verbose cache add name=undefined spec="mongodb" args=["mongodb",null]
8 verbose parsed url { protocol: null,
8 verbose parsed url   slashes: null,
8 verbose parsed url   auth: null,
8 verbose parsed url   host: null,
8 verbose parsed url   port: null,
8 verbose parsed url   hostname: null,
8 verbose parsed url   hash: null,
8 verbose parsed url   search: null,
8 verbose parsed url   query: null,
8 verbose parsed url   pathname: 'mongodb',
8 verbose parsed url   path: 'mongodb',
8 verbose parsed url   href: 'mongodb' }
9 silly lockFile 7f1c982e-mongodb mongodb
10 verbose lock mongodb C:\Users\Administrator.PRC-20150313YWM\AppData\Roaming\npm-cache\7f1c982e-mongodb.lock
11 silly lockFile 7f1c982e-mongodb mongodb
12 silly lockFile 7f1c982e-mongodb mongodb
13 verbose addNamed [ 'mongodb', '' ]
14 verbose addNamed [ null, '*' ]
15 silly lockFile 886df635-mongodb mongodb@
16 verbose lock mongodb@ C:\Users\Administrator.PRC-20150313YWM\AppData\Roaming\npm-cache\886df635-mongodb.lock
17 silly addNameRange { name: 'mongodb', range: '*', hasData: false }
18 verbose url raw mongodb
19 verbose url resolving [ 'https://registry.npmjs.org/', './mongodb' ]
20 verbose url resolved https://registry.npmjs.org/mongodb
21 info trying registry request attempt 1 at 23:28:57
22 http GET https://registry.npmjs.org/mongodb
23 info retry will retry, error on last attempt: Error: tunneling socket could not be established, cause=getaddrinfo ENOTFOUND
24 info trying registry request attempt 2 at 23:29:09
25 http GET https://registry.npmjs.org/mongodb
26 info retry will retry, error on last attempt: Error: tunneling socket could not be established, cause=getaddrinfo ENOTFOUND
27 info trying registry request attempt 3 at 23:30:11
28 http GET https://registry.npmjs.org/mongodb
29 silly lockFile 886df635-mongodb mongodb@
30 silly lockFile 886df635-mongodb mongodb@
31 error network tunneling socket could not be established, cause=getaddrinfo ENOTFOUND
31 error network This is most likely not a problem with npm itself
31 error network and is related to network connectivity.
31 error network In most cases you are behind a proxy or have bad network settings.
31 error network
31 error network If you are behind a proxy, please make sure that the
31 error network 'proxy' config is set properly.  See: 'npm help config'
32 error System Windows_NT 6.2.9200
33 error command "C:\\Program Files (x86)\\nodejs\\\\node.exe" "C:\\Program Files (x86)\\nodejs\\node_modules\\npm\\bin\\npm-cli.js" "install" "mongodb"
34 error cwd F:\WS\nodejs\demo
35 error node -v v0.10.26
36 error npm -v 1.4.3
37 error code ECONNRESET
38 verbose exit [ 1, true ]
